  Source.cpp
C:\Users\AlekseyRozhkov\source\repos\CppProject\HomeworkRestart\GlobalStructures.h(293,25): warning C4018: <=: несоответствие типов со знаком и без знака
C:\Users\AlekseyRozhkov\source\repos\CppProject\HomeworkRestart\Functions.h(183,2): warning C4267: инициализация: преобразование из "size_t" в "int"; возможна потеря данных
C:\Users\AlekseyRozhkov\source\repos\CppProject\HomeworkRestart\Functions.h(253,18): warning C4244: return: преобразование "__int64" в "int", возможна потеря данных
C:\Users\AlekseyRozhkov\source\repos\CppProject\HomeworkRestart\Functions.h(271,46): warning C4267: инициализация: преобразование из "size_t" в "int"; возможна потеря данных
C:\Users\AlekseyRozhkov\source\repos\CppProject\HomeworkRestart\Functions.h(319,26): warning C4267: return: преобразование из "size_t" в "int"; возможна потеря данных
C:\Users\AlekseyRozhkov\source\repos\CppProject\HomeworkRestart\Functions.h(325,61): warning C4267: инициализация: преобразование из "size_t" в "int"; возможна потеря данных
C:\Users\AlekseyRozhkov\source\repos\CppProject\HomeworkRestart\Sequences.h(210,7): warning C4101: summ_of_last_two: неиспользованная локальная переменная
C:\Users\AlekseyRozhkov\source\repos\CppProject\HomeworkRestart\Sequences.h(208,7): warning C4101: a: неиспользованная локальная переменная
C:\Users\AlekseyRozhkov\source\repos\CppProject\HomeworkRestart\Sequences.h(209,7): warning C4101: summ_of_first_two: неиспользованная локальная переменная
C:\Users\AlekseyRozhkov\source\repos\CppProject\HomeworkRestart\Sorts.h(118,58): warning C4309: аргумент: усечение константного значения
C:\Users\AlekseyRozhkov\source\repos\CppProject\HomeworkRestart\Sorts.h(197,93): warning C4267: аргумент: преобразование из "size_t" в "int"; возможна потеря данных
C:\Users\AlekseyRozhkov\source\repos\CppProject\HomeworkRestart\Sorts.h(198,111): warning C4267: аргумент: преобразование из "size_t" в "int"; возможна потеря данных
C:\Users\AlekseyRozhkov\source\repos\CppProject\HomeworkRestart\Pointers.h(321,8): warning C4834: отмена возвращаемого значения функции с атрибутом "nodiscard"
C:\Users\AlekseyRozhkov\source\repos\CppProject\HomeworkRestart\Recusrion.h(96,22): warning C4244: инициализация: преобразование "__int64" в "int", возможна потеря данных
C:\Users\AlekseyRozhkov\source\repos\CppProject\HomeworkRestart\Structures.h(143,7): warning C4101: arr: неиспользованная локальная переменная
C:\Users\AlekseyRozhkov\source\repos\CppProject\HomeworkRestart\CorpPosition.h(76,1): warning C4244: *=: преобразование "double" в "int", возможна потеря данных
C:\Users\AlekseyRozhkov\source\repos\CppProject\HomeworkRestart\CorpPosition.h(133,1): warning C4267: return: преобразование из "size_t" в "int"; возможна потеря данных
C:\Users\AlekseyRozhkov\source\repos\CppProject\HomeworkRestart\ServiceClasess.h(92,1): warning C4267: return: преобразование из "size_t" в "int"; возможна потеря данных
C:\Users\AlekseyRozhkov\source\repos\CppProject\HomeworkRestart\ServiceClasess.h(99,1): warning C4267: return: преобразование из "size_t" в "int"; возможна потеря данных
C:\Users\AlekseyRozhkov\source\repos\CppProject\HomeworkRestart\ServiceClasess.h(105,1): warning C4267: инициализация: преобразование из "size_t" в "int"; возможна потеря данных
C:\Users\AlekseyRozhkov\source\repos\CppProject\HomeworkRestart\Classes\CustomString.h(120,1): warning C4267: return: преобразование из "size_t" в "int"; возможна потеря данных
C:\Users\AlekseyRozhkov\source\repos\CppProject\HomeworkRestart\Classes\VectorWithinEvens.h(34,1): warning C4267: return: преобразование из "size_t" в "int"; возможна потеря данных
C:\Users\AlekseyRozhkov\source\repos\CppProject\HomeworkRestart\2021-02-27.h(113,27): warning C4018: <: несоответствие типов со знаком и без знака
C:\Users\AlekseyRozhkov\source\repos\CppProject\HomeworkRestart\2021-02-27.h(144,7): warning C4101: arr: неиспользованная локальная переменная
C:\Users\AlekseyRozhkov\source\repos\CppProject\HomeworkRestart\List1.h(86,8): warning C4101: p: неиспользованная локальная переменная
C:\Users\AlekseyRozhkov\source\repos\CppProject\HomeworkRestart\DataStructures\Graph.h(313,1): warning C4267: return: преобразование из "size_t" в "int"; возможна потеря данных
C:\Users\AlekseyRozhkov\source\repos\CppProject\HomeworkRestart\Hash\SHA256.h(8,38): warning C4838: Преобразование из "unsigned int" в "int" требует сужающего преобразования.
C:\Users\AlekseyRozhkov\source\repos\CppProject\HomeworkRestart\Hash\SHA256.h(8,50): warning C4838: Преобразование из "unsigned int" в "int" требует сужающего преобразования.
C:\Users\AlekseyRozhkov\source\repos\CppProject\HomeworkRestart\Hash\SHA256.h(8,86): warning C4838: Преобразование из "unsigned int" в "int" требует сужающего преобразования.
C:\Users\AlekseyRozhkov\source\repos\CppProject\HomeworkRestart\Hash\SHA256.h(8,98): warning C4838: Преобразование из "unsigned int" в "int" требует сужающего преобразования.
C:\Users\AlekseyRozhkov\source\repos\CppProject\HomeworkRestart\Hash\SHA256.h(9,8): warning C4838: Преобразование из "unsigned int" в "int" требует сужающего преобразования.
C:\Users\AlekseyRozhkov\source\repos\CppProject\HomeworkRestart\Hash\SHA256.h(9,68): warning C4838: Преобразование из "unsigned int" в "int" требует сужающего преобразования.
C:\Users\AlekseyRozhkov\source\repos\CppProject\HomeworkRestart\Hash\SHA256.h(9,80): warning C4838: Преобразование из "unsigned int" в "int" требует сужающего преобразования.
C:\Users\AlekseyRozhkov\source\repos\CppProject\HomeworkRestart\Hash\SHA256.h(9,92): warning C4838: Преобразование из "unsigned int" в "int" требует сужающего преобразования.
C:\Users\AlekseyRozhkov\source\repos\CppProject\HomeworkRestart\Hash\SHA256.h(10,8): warning C4838: Преобразование из "unsigned int" в "int" требует сужающего преобразования.
C:\Users\AlekseyRozhkov\source\repos\CppProject\HomeworkRestart\Hash\SHA256.h(10,20): warning C4838: Преобразование из "unsigned int" в "int" требует сужающего преобразования.
C:\Users\AlekseyRozhkov\source\repos\CppProject\HomeworkRestart\Hash\SHA256.h(11,8): warning C4838: Преобразование из "unsigned int" в "int" требует сужающего преобразования.
C:\Users\AlekseyRozhkov\source\repos\CppProject\HomeworkRestart\Hash\SHA256.h(11,20): warning C4838: Преобразование из "unsigned int" в "int" требует сужающего преобразования.
C:\Users\AlekseyRozhkov\source\repos\CppProject\HomeworkRestart\Hash\SHA256.h(11,32): warning C4838: Преобразование из "unsigned int" в "int" требует сужающего преобразования.
C:\Users\AlekseyRozhkov\source\repos\CppProject\HomeworkRestart\Hash\SHA256.h(11,44): warning C4838: Преобразование из "unsigned int" в "int" требует сужающего преобразования.
C:\Users\AlekseyRozhkov\source\repos\CppProject\HomeworkRestart\Hash\SHA256.h(11,56): warning C4838: Преобразование из "unsigned int" в "int" требует сужающего преобразования.
C:\Users\AlekseyRozhkov\source\repos\CppProject\HomeworkRestart\Hash\SHA256.h(11,68): warning C4838: Преобразование из "unsigned int" в "int" требует сужающего преобразования.
C:\Users\AlekseyRozhkov\source\repos\CppProject\HomeworkRestart\Hash\SHA256.h(12,80): warning C4838: Преобразование из "unsigned int" в "int" требует сужающего преобразования.
C:\Users\AlekseyRozhkov\source\repos\CppProject\HomeworkRestart\Hash\SHA256.h(12,92): warning C4838: Преобразование из "unsigned int" в "int" требует сужающего преобразования.
C:\Users\AlekseyRozhkov\source\repos\CppProject\HomeworkRestart\Hash\SHA256.h(13,8): warning C4838: Преобразование из "unsigned int" в "int" требует сужающего преобразования.
C:\Users\AlekseyRozhkov\source\repos\CppProject\HomeworkRestart\Hash\SHA256.h(13,20): warning C4838: Преобразование из "unsigned int" в "int" требует сужающего преобразования.
C:\Users\AlekseyRozhkov\source\repos\CppProject\HomeworkRestart\Hash\SHA256.h(13,32): warning C4838: Преобразование из "unsigned int" в "int" требует сужающего преобразования.
C:\Users\AlekseyRozhkov\source\repos\CppProject\HomeworkRestart\Hash\SHA256.h(13,44): warning C4838: Преобразование из "unsigned int" в "int" требует сужающего преобразования.
C:\Users\AlekseyRozhkov\source\repos\CppProject\HomeworkRestart\Hash\SHA256.h(13,56): warning C4838: Преобразование из "unsigned int" в "int" требует сужающего преобразования.
C:\Users\AlekseyRozhkov\source\repos\CppProject\HomeworkRestart\Hash\SHA256.h(13,68): warning C4838: Преобразование из "unsigned int" в "int" требует сужающего преобразования.
C:\Users\AlekseyRozhkov\source\repos\CppProject\HomeworkRestart\Hash\SHA256.h(13,80): warning C4838: Преобразование из "unsigned int" в "int" требует сужающего преобразования.
C:\Users\AlekseyRozhkov\source\repos\CppProject\HomeworkRestart\Hash\SHA256.h(15,32): warning C4838: Преобразование из "unsigned int" в "int" требует сужающего преобразования.
C:\Users\AlekseyRozhkov\source\repos\CppProject\HomeworkRestart\Hash\SHA256.h(15,44): warning C4838: Преобразование из "unsigned int" в "int" требует сужающего преобразования.
C:\Users\AlekseyRozhkov\source\repos\CppProject\HomeworkRestart\Hash\SHA256.h(15,56): warning C4838: Преобразование из "unsigned int" в "int" требует сужающего преобразования.
C:\Users\AlekseyRozhkov\source\repos\CppProject\HomeworkRestart\Hash\SHA256.h(15,68): warning C4838: Преобразование из "unsigned int" в "int" требует сужающего преобразования.
C:\Users\AlekseyRozhkov\source\repos\CppProject\HomeworkRestart\Hash\SHA256.h(15,80): warning C4838: Преобразование из "unsigned int" в "int" требует сужающего преобразования.
C:\Users\AlekseyRozhkov\source\repos\CppProject\HomeworkRestart\Hash\SHA256.h(15,92): warning C4838: Преобразование из "unsigned int" в "int" требует сужающего преобразования.
C:\Users\AlekseyRozhkov\source\repos\CppProject\HomeworkRestart\Hash\SHA256.h(87,38): warning C4267: инициализация: преобразование из "size_t" в "int"; возможна потеря данных
C:\Users\AlekseyRozhkov\source\repos\CppProject\HomeworkRestart\Hash\SHA256.h(90,41): warning C4267: инициализация: преобразование из "size_t" в "long"; возможна потеря данных
C:\Users\AlekseyRozhkov\source\repos\CppProject\HomeworkRestart\Hash\SHA256.h(92,21): warning C4309: аргумент: усечение константного значения
C:\Users\AlekseyRozhkov\source\repos\CppProject\HomeworkRestart\ParallelThreads\ParallelThreads.h(78,35): warning C4267: аргумент: преобразование из "size_t" в "int"; возможна потеря данных
C:\Users\AlekseyRozhkov\source\repos\CppProject\HomeworkRestart\ParallelThreads\ParallelThreads.h(96,37): warning C4267: аргумент: преобразование из "size_t" в "int"; возможна потеря данных
C:\Users\AlekseyRozhkov\source\repos\CppProject\HomeworkRestart\ParallelThreads\ParallelThreads.h(97,48): warning C4267: аргумент: преобразование из "size_t" в "int"; возможна потеря данных
C:\Users\AlekseyRozhkov\source\repos\CppProject\HomeworkRestart\ParallelThreads\ParallelThreads.h(121,52): warning C4267: инициализация: преобразование из "size_t" в "int"; возможна потеря данных
C:\Users\AlekseyRozhkov\source\repos\CppProject\HomeworkRestart\Hash\HashTableVector.h(35,1): warning C4267: return: преобразование из "size_t" в "int"; возможна потеря данных
C:\Users\AlekseyRozhkov\source\repos\CppProject\HomeworkRestart\Hash\HashTableVector.h(129,1): warning C4267: return: преобразование из "size_t" в "int"; возможна потеря данных
C:\Users\AlekseyRozhkov\source\repos\CppProject\HomeworkRestart\Templates.h(149,18): warning C4305: =: усечение из "double" в "Q"
          with
          [
              Q=float
          ]
C:\Users\AlekseyRozhkov\source\repos\CppProject\HomeworkRestart\Hash\HashTableOpenAddress.h(10,58): warning C4267: return: преобразование из "size_t" в "int"; возможна потеря данных
C:\Users\AlekseyRozhkov\source\repos\CppProject\HomeworkRestart\MoveSemantics\LvalueRvalue.h(133,7): warning C4101: a: неиспользованная локальная переменная
C:\Users\AlekseyRozhkov\source\repos\CppProject\HomeworkRestart\BitOperations\BitOperationsBasic.h(251,27): warning C4554: "&": проверьте приоритет операторов на ошибки; для уточнения приоритета используйте скобки
C:\Users\AlekseyRozhkov\source\repos\CppProject\HomeworkRestart\Union.h(169,2): warning C4624: "Union::IntDoubleString": деструктор неявно определен как удаленный
C:\Users\AlekseyRozhkov\source\repos\CppProject\HomeworkRestart\Source.cpp(698,22): warning C4553: "==": результат выражения не используется; вы хотели использовать "="?
C:\Users\AlekseyRozhkov\source\repos\CppProject\HomeworkRestart\Source.cpp(1117,12): warning C4244: аргумент: преобразование "time_t" в "unsigned int", возможна потеря данных
  Создание кода
C:\Users\AlekseyRozhkov\source\repos\CppProject\HomeworkRestart\Exceptions.h(8): warning C4723: возможное деление на 0
C:\Users\AlekseyRozhkov\source\repos\CppProject\HomeworkRestart\Exceptions.h(8): warning C4723: возможное деление на 0
  3 of 572 functions ( 0.5%) were compiled, the rest were copied from previous compilation.
    1 functions were new in current compilation
    0 functions had inline decision re-evaluated but remain unchanged
  Создание кода завершено
  HomeworkRestart.vcxproj -> C:\Users\AlekseyRozhkov\source\repos\CppProject\x64\Release\HomeworkRestart.exe
